<?xml version="1.0" encoding="UTF-8"?>
<!-- Generated by org.testng.reporters.JUnitReportReporter -->
<testsuite hostname="Sandhya" failures="0" tests="4" name="com.testNG.Task72" time="0.017" errors="0" timestamp="2 Jun 2023 06:22:52 GMT">
  <testcase classname="com.testNG.Task72" name="div" time="0.001"/>
  <testcase classname="com.testNG.Task72" name="add" time="0.013"/>
  <testcase classname="com.testNG.Task72" name="sub" time="0.001"/>
  <testcase classname="com.testNG.Task72" name="mul" time="0.002"/>
</testsuite> <!-- com.testNG.Task72 -->
