<?xml version="1.0" encoding="UTF-8"?>
<!-- Generated by org.testng.reporters.JUnitReportReporter -->
<testsuite hostname="Sandhya" failures="0" tests="1" name="com.testNG.Task73" time="23.055" errors="0" timestamp="2 Jun 2023 07:07:09 GMT">
  <testcase classname="com.testNG.Task73" name="userPass" time="23.055"/>
</testsuite> <!-- com.testNG.Task73 -->
