<?xml version="1.0" encoding="UTF-8"?>
<!-- Generated by org.testng.reporters.JUnitReportReporter -->
<testsuite hostname="Sandhya" failures="0" tests="2" name="com.testNG.AppTest" time="0.010" errors="0" timestamp="2 Jun 2023 04:34:02 GMT">
  <testcase classname="com.testNG.AppTest" name="executeUrl" time="0.001"/>
  <testcase classname="com.testNG.AppTest" name="aMethod" time="0.009"/>
</testsuite> <!-- com.testNG.AppTest -->
