<?xml version="1.0" encoding="UTF-8"?>
<!-- Generated by org.testng.reporters.JUnitReportReporter -->
<testsuite hostname="Sandhya" failures="0" tests="1" name="com.testNG.Task_71" time="51.896" errors="0" timestamp="2 Jun 2023 05:05:36 GMT">
  <testcase classname="com.testNG.Task_71" name="main" time="51.896"/>
</testsuite> <!-- com.testNG.Task_71 -->
